<?xml version="1.0" encoding="UTF-8"?>
<testsuite xmlns:xsi="http://www.w3.org/2001/XMLSchema-instance" xsi:noNamespaceSchemaLocation="https://maven.apache.org/surefire/maven-surefire-plugin/xsd/surefire-test-report.xsd" name="za.co.wethinkcode.AcceptanceTests.LaunchAcceptanceTest" time="0.343" tests="2" errors="2" skipped="0" failures="0">
  <properties>
    <property name="java.specification.version" value="16"/>
    <property name="sun.jnu.encoding" value="UTF-8"/>
    <property name="java.class.path" value="/home/tokollo/BrownFieldProject/nft-1327/robot-worlds-client/target/test-classes:/home/tokollo/BrownFieldProject/nft-1327/robot-worlds-client/target/classes:/home/tokollo/.m2/repository/com/fasterxml/jackson/core/jackson-databind/2.12.4/jackson-databind-2.12.4.jar:/home/tokollo/.m2/repository/com/fasterxml/jackson/core/jackson-annotations/2.12.4/jackson-annotations-2.12.4.jar:/home/tokollo/.m2/repository/com/fasterxml/jackson/core/jackson-core/2.12.4/jackson-core-2.12.4.jar:/home/tokollo/.m2/repository/org/junit/jupiter/junit-jupiter/5.7.2/junit-jupiter-5.7.2.jar:/home/tokollo/.m2/repository/org/junit/jupiter/junit-jupiter-api/5.7.2/junit-jupiter-api-5.7.2.jar:/home/tokollo/.m2/repository/org/apiguardian/apiguardian-api/1.1.0/apiguardian-api-1.1.0.jar:/home/tokollo/.m2/repository/org/opentest4j/opentest4j/1.2.0/opentest4j-1.2.0.jar:/home/tokollo/.m2/repository/org/junit/platform/junit-platform-commons/1.7.2/junit-platform-commons-1.7.2.jar:/home/tokollo/.m2/repository/org/junit/jupiter/junit-jupiter-params/5.7.2/junit-jupiter-params-5.7.2.jar:/home/tokollo/.m2/repository/org/junit/jupiter/junit-jupiter-engine/5.7.2/junit-jupiter-engine-5.7.2.jar:/home/tokollo/.m2/repository/org/junit/platform/junit-platform-engine/1.7.2/junit-platform-engine-1.7.2.jar:"/>
    <property name="java.vm.vendor" value="Oracle Corporation"/>
    <property name="sun.arch.data.model" value="64"/>
    <property name="java.vendor.url" value="https://java.oracle.com/"/>
    <property name="os.name" value="Linux"/>
    <property name="java.vm.specification.version" value="16"/>
    <property name="sun.java.launcher" value="SUN_STANDARD"/>
    <property name="user.country" value="ZA"/>
    <property name="sun.boot.library.path" value="/usr/lib/jvm/java-16-oracle/lib"/>
    <property name="sun.java.command" value="/home/tokollo/BrownFieldProject/nft-1327/robot-worlds-client/target/surefire/surefirebooter11437711280132325429.jar /home/tokollo/BrownFieldProject/nft-1327/robot-worlds-client/target/surefire 2021-09-30T14-18-52_813-jvmRun1 surefire3680869124839070792tmp surefire_02363613208589748191tmp"/>
    <property name="jdk.debug" value="release"/>
    <property name="test" value="*AcceptanceTest#*2x2"/>
    <property name="surefire.test.class.path" value="/home/tokollo/BrownFieldProject/nft-1327/robot-worlds-client/target/test-classes:/home/tokollo/BrownFieldProject/nft-1327/robot-worlds-client/target/classes:/home/tokollo/.m2/repository/com/fasterxml/jackson/core/jackson-databind/2.12.4/jackson-databind-2.12.4.jar:/home/tokollo/.m2/repository/com/fasterxml/jackson/core/jackson-annotations/2.12.4/jackson-annotations-2.12.4.jar:/home/tokollo/.m2/repository/com/fasterxml/jackson/core/jackson-core/2.12.4/jackson-core-2.12.4.jar:/home/tokollo/.m2/repository/org/junit/jupiter/junit-jupiter/5.7.2/junit-jupiter-5.7.2.jar:/home/tokollo/.m2/repository/org/junit/jupiter/junit-jupiter-api/5.7.2/junit-jupiter-api-5.7.2.jar:/home/tokollo/.m2/repository/org/apiguardian/apiguardian-api/1.1.0/apiguardian-api-1.1.0.jar:/home/tokollo/.m2/repository/org/opentest4j/opentest4j/1.2.0/opentest4j-1.2.0.jar:/home/tokollo/.m2/repository/org/junit/platform/junit-platform-commons/1.7.2/junit-platform-commons-1.7.2.jar:/home/tokollo/.m2/repository/org/junit/jupiter/junit-jupiter-params/5.7.2/junit-jupiter-params-5.7.2.jar:/home/tokollo/.m2/repository/org/junit/jupiter/junit-jupiter-engine/5.7.2/junit-jupiter-engine-5.7.2.jar:/home/tokollo/.m2/repository/org/junit/platform/junit-platform-engine/1.7.2/junit-platform-engine-1.7.2.jar:"/>
    <property name="sun.cpu.endian" value="little"/>
    <property name="user.home" value="/home/tokollo"/>
    <property name="user.language" value="en"/>
    <property name="java.specification.vendor" value="Oracle Corporation"/>
    <property name="java.version.date" value="2021-07-20"/>
    <property name="java.home" value="/usr/lib/jvm/java-16-oracle"/>
    <property name="file.separator" value="/"/>
    <property name="basedir" value="/home/tokollo/BrownFieldProject/nft-1327/robot-worlds-client"/>
    <property name="java.vm.compressedOopsMode" value="32-bit"/>
    <property name="line.separator" value="&#10;"/>
    <property name="java.vm.specification.vendor" value="Oracle Corporation"/>
    <property name="java.specification.name" value="Java Platform API Specification"/>
    <property name="surefire.real.class.path" value="/home/tokollo/BrownFieldProject/nft-1327/robot-worlds-client/target/surefire/surefirebooter11437711280132325429.jar"/>
    <property name="sun.management.compiler" value="HotSpot 64-Bit Tiered Compilers"/>
    <property name="java.runtime.version" value="16.0.2+7-67"/>
    <property name="user.name" value="tokollo"/>
    <property name="path.separator" value=":"/>
    <property name="os.version" value="5.11.0-37-generic"/>
    <property name="java.runtime.name" value="Java(TM) SE Runtime Environment"/>
    <property name="file.encoding" value="UTF-8"/>
    <property name="java.vm.name" value="Java HotSpot(TM) 64-Bit Server VM"/>
    <property name="localRepository" value="/home/tokollo/.m2/repository"/>
    <property name="java.vendor.url.bug" value="https://bugreport.java.com/bugreport/"/>
    <property name="java.io.tmpdir" value="/tmp"/>
    <property name="java.version" value="16.0.2"/>
    <property name="user.dir" value="/home/tokollo/BrownFieldProject/nft-1327/robot-worlds-client"/>
    <property name="os.arch" value="amd64"/>
    <property name="java.vm.specification.name" value="Java Virtual Machine Specification"/>
    <property name="failIfNoTests" value="false"/>
    <property name="java.library.path" value="/usr/java/packages/lib:/usr/lib64:/lib64:/lib:/usr/lib"/>
    <property name="java.vm.info" value="mixed mode, sharing"/>
    <property name="java.vendor" value="Oracle Corporation"/>
    <property name="java.vm.version" value="16.0.2+7-67"/>
    <property name="sun.io.unicode.encoding" value="UnicodeLittle"/>
    <property name="java.class.version" value="60.0"/>
  </properties>
  <testcase name="LaunchRobotsIntoAWorldWithAnObstacle2x2" classname="za.co.wethinkcode.AcceptanceTests.LaunchAcceptanceTest" time="0.072">
    <error message="Error Conecting to Robot Worlds server." type="java.lang.RuntimeException">java.lang.RuntimeException: Error Conecting to Robot Worlds server.
	at za.co.wethinkcode.AcceptanceTests.LaunchAcceptanceTest.connectToServer(LaunchAcceptanceTest.java:32)
Caused by: java.net.ConnectException: Connection refused
	at za.co.wethinkcode.AcceptanceTests.LaunchAcceptanceTest.connectToServer(LaunchAcceptanceTest.java:32)
</error>
  </testcase>
  <testcase name="worldWithAnObstacleIsFull2x2" classname="za.co.wethinkcode.AcceptanceTests.LaunchAcceptanceTest" time="0.005">
    <error message="Error Conecting to Robot Worlds server." type="java.lang.RuntimeException">java.lang.RuntimeException: Error Conecting to Robot Worlds server.
	at za.co.wethinkcode.AcceptanceTests.LaunchAcceptanceTest.connectToServer(LaunchAcceptanceTest.java:32)
Caused by: java.net.ConnectException: Connection refused
	at za.co.wethinkcode.AcceptanceTests.LaunchAcceptanceTest.connectToServer(LaunchAcceptanceTest.java:32)
</error>
  </testcase>
</testsuite>